已經開始建置於 2017/10/21 下午 08:13:11。
     1>節點 2 (Build 目標) 上的專案 "E:\電腦圖學\作業\ComputerGraphicsHW1\ComputerGraphicsHW1\ComputerGraphicsHW1.vcxproj"。
     1>ClCompile:
         D:\Program Files (x86)\Microsoft Visual Studio 12.0\VC\bin\x86_amd64\CL.exe /c /Zi /nologo /W3 /WX- /sdl /O2 /Oi /GL /D _MBCS /Gm- /EHsc /MD /GS /Gy /fp:precise /Zc:wchar_t /Zc:forScope /Fo"x64\Release\\" /Fd"x64\Release\vc120.pdb" /Gd /TP /errorReport:prompt Paint.cpp
         Paint.cpp
     1>Paint.cpp(27): warning C4005: 'TEXT' : 巨集重複定義
                 C:\Program Files (x86)\Windows Kits\8.1\Include\um\winnt.h(534) : 請參閱 'TEXT' 之前的定義
     1>Paint.cpp(131): warning C4244: '引數' : 將 'int' 轉換為 'GLfloat'，由於類型不同，可能導致資料遺失
     1>Paint.cpp(155): warning C4244: '引數' : 將 'int' 轉換為 'GLfloat'，由於類型不同，可能導致資料遺失
     1>Paint.cpp(170): warning C4244: '引數' : 將 'int' 轉換為 'GLfloat'，由於類型不同，可能導致資料遺失
     1>Paint.cpp(184): warning C4244: '引數' : 將 'int' 轉換為 'GLfloat'，由於類型不同，可能導致資料遺失
     1>Paint.cpp(185): warning C4244: '引數' : 將 'int' 轉換為 'GLfloat'，由於類型不同，可能導致資料遺失
     1>Paint.cpp(205): warning C4244: '引數' : 將 'int' 轉換為 'GLfloat'，由於類型不同，可能導致資料遺失
     1>Paint.cpp(206): warning C4244: '引數' : 將 'int' 轉換為 'GLfloat'，由於類型不同，可能導致資料遺失
     1>Paint.cpp(238): warning C4244: '引數' : 將 'int' 轉換為 'GLfloat'，由於類型不同，可能導致資料遺失
     1>Paint.cpp(239): warning C4244: '引數' : 將 'int' 轉換為 'GLfloat'，由於類型不同，可能導致資料遺失
     1>Paint.cpp(240): warning C4244: '引數' : 將 'int' 轉換為 'GLfloat'，由於類型不同，可能導致資料遺失
     1>Paint.cpp(241): warning C4244: '引數' : 將 'int' 轉換為 'GLfloat'，由於類型不同，可能導致資料遺失
     1>Paint.cpp(292): warning C4244: '引數' : 將 'int' 轉換為 'GLfloat'，由於類型不同，可能導致資料遺失
     1>Paint.cpp(293): warning C4244: '引數' : 將 'int' 轉換為 'GLfloat'，由於類型不同，可能導致資料遺失
     1>Paint.cpp(294): warning C4244: '引數' : 將 'int' 轉換為 'GLfloat'，由於類型不同，可能導致資料遺失
     1>Paint.cpp(295): warning C4244: '引數' : 將 'int' 轉換為 'GLfloat'，由於類型不同，可能導致資料遺失
     1>Paint.cpp(314): warning C4244: '引數' : 將 'int' 轉換為 'GLfloat'，由於類型不同，可能導致資料遺失
     1>Paint.cpp(315): warning C4244: '引數' : 將 'int' 轉換為 'GLfloat'，由於類型不同，可能導致資料遺失
     1>Paint.cpp(316): warning C4244: '引數' : 將 'int' 轉換為 'GLfloat'，由於類型不同，可能導致資料遺失
     1>Paint.cpp(317): warning C4244: '引數' : 將 'int' 轉換為 'GLfloat'，由於類型不同，可能導致資料遺失
     1>Paint.cpp(346): warning C4244: '引數' : 將 'int' 轉換為 'GLfloat'，由於類型不同，可能導致資料遺失
     1>Paint.cpp(347): warning C4244: '引數' : 將 'int' 轉換為 'GLfloat'，由於類型不同，可能導致資料遺失
     1>Paint.cpp(381): warning C4244: '引數' : 將 'int' 轉換為 'GLfloat'，由於類型不同，可能導致資料遺失
     1>Paint.cpp(382): warning C4244: '引數' : 將 'int' 轉換為 'GLfloat'，由於類型不同，可能導致資料遺失
     1>Paint.cpp(383): warning C4244: '引數' : 將 'int' 轉換為 'GLfloat'，由於類型不同，可能導致資料遺失
     1>Paint.cpp(384): warning C4244: '引數' : 將 'int' 轉換為 'GLfloat'，由於類型不同，可能導致資料遺失
     1>Paint.cpp(407): warning C4244: '引數' : 將 'int' 轉換為 'GLfloat'，由於類型不同，可能導致資料遺失
     1>Paint.cpp(408): warning C4244: '引數' : 將 'int' 轉換為 'GLfloat'，由於類型不同，可能導致資料遺失
     1>Paint.cpp(409): warning C4244: '引數' : 將 'int' 轉換為 'GLfloat'，由於類型不同，可能導致資料遺失
     1>Paint.cpp(410): warning C4244: '引數' : 將 'int' 轉換為 'GLfloat'，由於類型不同，可能導致資料遺失
     1>Paint.cpp(429): warning C4244: '引數' : 將 'int' 轉換為 'GLfloat'，由於類型不同，可能導致資料遺失
     1>Paint.cpp(430): warning C4244: '引數' : 將 'int' 轉換為 'GLfloat'，由於類型不同，可能導致資料遺失
     1>Paint.cpp(431): warning C4244: '引數' : 將 'int' 轉換為 'GLfloat'，由於類型不同，可能導致資料遺失
     1>Paint.cpp(432): warning C4244: '引數' : 將 'int' 轉換為 'GLfloat'，由於類型不同，可能導致資料遺失
     1>Paint.cpp(452): warning C4244: '引數' : 將 'int' 轉換為 'GLfloat'，由於類型不同，可能導致資料遺失
     1>Paint.cpp(453): warning C4244: '引數' : 將 'int' 轉換為 'GLfloat'，由於類型不同，可能導致資料遺失
     1>Paint.cpp(469): warning C4244: '引數' : 將 'int' 轉換為 'GLfloat'，由於類型不同，可能導致資料遺失
     1>Paint.cpp(470): warning C4244: '引數' : 將 'int' 轉換為 'GLfloat'，由於類型不同，可能導致資料遺失
       Link:
         D:\Program Files (x86)\Microsoft Visual Studio 12.0\VC\bin\x86_amd64\link.exe /ERRORREPORT:PROMPT /OUT:"E:\電腦圖學\作業\ComputerGraphicsHW1\x64\Release\ComputerGraphicsHW1.exe" /NOLOGO kernel32.lib user32.lib gdi32.lib winspool.lib comdlg32.lib advapi32.lib shell32.lib ole32.lib oleaut32.lib uuid.lib odbc32.lib odbccp32.lib /MANIFEST /MANIFESTUAC:"level='asInvoker' uiAccess='false'" /manifest:embed /DEBUG /PDB:"E:\電腦圖學\作業\ComputerGraphicsHW1\x64\Release\ComputerGraphicsHW1.pdb" /OPT:REF /OPT:ICF /LTCG /TLBID:1 /DYNAMICBASE /NXCOMPAT /IMPLIB:"E:\電腦圖學\作業\ComputerGraphicsHW1\x64\Release\ComputerGraphicsHW1.lib" /MACHINE:X64 x64\Release\Paint.obj
         正在產生程式碼
         已完成程式碼產生
         ComputerGraphicsHW1.vcxproj -> E:\電腦圖學\作業\ComputerGraphicsHW1\x64\Release\ComputerGraphicsHW1.exe
     1>專案 "E:\電腦圖學\作業\ComputerGraphicsHW1\ComputerGraphicsHW1\ComputerGraphicsHW1.vcxproj" (Build 目標) 建置完成。

建置成功。

經過時間 00:00:00.99
